周五 2月 22 18:04:58 2019
There is not adding in resources.
":prepare"
"  tool version: 3.0.0"
"  Param{srcApkPath:'/Users/dengyancheng/Desktop/yancheng_work/git_workspace/TaskSystem/app/release/old_file.apk', fixedApkPath:'/Users/dengyancheng/Desktop/yancheng_work/git_workspace/TaskSystem/app/release/app-release.apk', patchOut:'/Users/dengyancheng/Desktop/yancheng_work/git_workspace/TaskSystem/app/release', signFilePath:'/Users/dengyancheng/Desktop/yancheng_work/git_workspace/TaskSystem/app/key_release_zgxyzx2017.jks', signFilePass:'*****', signAlias:'*****', signAliasPass:'*****', filterClzPath:'null', resPath:'/Users/dengyancheng/Desktop/yancheng_work/git_workspace/TaskSystem/app/release/cache/patch/', resIdPath:'/Users/dengyancheng/Desktop/yancheng_work/git_workspace/TaskSystem/app/release/cache/patch/overlay_map.txt', reserveTempDir:false, forceColdFix:true, ignoreSo:false, multiThread:true, steadyCompareRes:false, checkAppRef:true, application:'com.task.system.FixApplication'}"
":prepare 2ms"
":unzip"
":unzip 1609ms"
":copyResource"
":copyResource 1ms"
":compareLib"
":compareLib 9ms"
":zipResource"
":zipResource 1ms"
":scanBaseApk"
"  dex files size:1"
":scanBaseApk 215ms"
":scanFixApk"
"  dex files size:1"
":scanFixApk 22ms"
":parseFilter"
":parseFilter 0ms"
":compareClasses"
"  jobs:4"
"  diff:(CLZ_MODIFY) Class:Lcom/task/system/activity/MainActivity; Fields:[] Methods:[(MET_MOD_IMPL) Lcom/task/system/activity/MainActivity;->onCreate(Landroid/os/Bundle;)V]"
"  diff:(ADD) Class:Lcom/task/system/activity/MainActivity$2; Fields:[] Methods:[]"
":compareClasses 5363ms"
":checkApplication"
"  isSteadyApplication:true allApplicationClassDefMap:[Lcom/taobao/sophix/SophixApplication;, Lcom/task/system/FixApplication;]"
"  checkDexBackedMethod:Lcom/taobao/sophix/SophixApplication;->onCreate()V"
"  checkDexBackedMethod:Lcom/task/system/FixApplication;-><init>()V"
"  checkDexBackedMethod:Lcom/taobao/sophix/SophixApplication;-><init>()V"
"  checkDexBackedMethod:Lcom/task/system/FixApplication;->attachBaseContext(Landroid/content/Context;)V"
":checkApplication 1ms"
":judgeHotfix"
"  user select force coldfix"
"  supportHotfix:false"
":judgeHotfix 1ms"
":baksmaliDiffClasses"
"  baksmali class:Lcom/task/system/activity/MainActivity;"
"  baksmali class:Lcom/task/system/activity/MainActivity$2;"
":baksmaliDiffClasses 22ms"
":checkReference"
":checkReference 0ms"
":smaliDiffClasses"
"  dexSize:3KB"
":smaliDiffClasses 257ms"
":buildPatchDex"
"  manifest:PatchAttribute{hasDex=true, supportHotfix=false, systemReferences='', hasResFound=false, libPath=''}"
"  current time:20190222 18:05:09"
":buildPatchDex 209ms"
":aesEncrypt"
"  skip"
":aesEncrypt 0ms"
"Patch path:/Users/dengyancheng/Desktop/yancheng_work/git_workspace/TaskSystem/app/release/sophix-patch.jar"
"Patch size:3KB"
"Total time:7712ms"
"BUILD SUCCESS"
